<?xml version="1.0" encoding="UTF-8"?>
<robot generator="Robot 7.0.1 (Python 3.10.12 on linux)" generated="2024-08-22T13:19:48.278742" rpa="false" schemaversion="5">
<suite id="s1" name="Main" source="/home/lucas/Documentos/Robot Testes/Automação Web/main.robot">
<test id="s1-t1" name="Abrir Navegador" line="8">
<kw name="Open Browser" owner="SeleniumLibrary">
<msg time="2024-08-22T13:19:48.402174" level="INFO">Opening browser 'chrome' to base url 'https://www.amazon.com.br'.</msg>
<arg>url=${URL}</arg>
<arg>browser=chrome</arg>
<arg>options=add_experimental_option("detach", True)</arg>
<doc>Opens a new browser instance to the optional ``url``.</doc>
<status status="PASS" start="2024-08-22T13:19:48.401855" elapsed="2.047495"/>
</kw>
<status status="PASS" start="2024-08-22T13:19:48.400946" elapsed="2.048811"/>
</test>
<test id="s1-t2" name="Ir para a Página" line="10">
<kw name="Set Variable" owner="BuiltIn">
<msg time="2024-08-22T13:19:50.451061" level="INFO">${coisa} = //*[@id="nav-xshop"]/a[1]</msg>
<var>${coisa}</var>
<arg>//*[@id="nav-xshop"]/a[1]</arg>
<doc>Returns the given values which can then be assigned to a variables.</doc>
<status status="PASS" start="2024-08-22T13:19:50.450742" elapsed="0.000373"/>
</kw>
<kw name="Wait Until Element Is Visible" owner="SeleniumLibrary">
<arg>${coisa}</arg>
<doc>Waits until the element ``locator`` is visible.</doc>
<status status="PASS" start="2024-08-22T13:19:50.451416" elapsed="0.051425"/>
</kw>
<kw name="Capture Page Screenshot" owner="SeleniumLibrary">
<msg time="2024-08-22T13:19:50.751623" level="INFO" html="true">&lt;/td&gt;&lt;/tr&gt;&lt;tr&gt;&lt;td colspan="3"&gt;&lt;a href="selenium-screenshot-1.png"&gt;&lt;img src="selenium-screenshot-1.png" width="800px"&gt;&lt;/a&gt;</msg>
<doc>Takes a screenshot of the current page and embeds it into a log file.</doc>
<status status="PASS" start="2024-08-22T13:19:50.503307" elapsed="0.248429"/>
</kw>
<kw name="Click Element" owner="SeleniumLibrary">
<msg time="2024-08-22T13:19:50.752318" level="INFO">Clicking element '//*[@id="nav-xshop"]/a[1]'.</msg>
<arg>${coisa}</arg>
<doc>Click the element identified by ``locator``.</doc>
<status status="PASS" start="2024-08-22T13:19:50.752051" elapsed="1.583744"/>
</kw>
<status status="PASS" start="2024-08-22T13:19:50.450201" elapsed="1.886225"/>
</test>
<status status="PASS" start="2024-08-22T13:19:48.280133" elapsed="4.057074"/>
</suite>
<statistics>
<total>
<stat pass="2" fail="0" skip="0">All Tests</stat>
</total>
<tag>
</tag>
<suite>
<stat pass="2" fail="0" skip="0" id="s1" name="Main">Main</stat>
</suite>
</statistics>
<errors>
</errors>
</robot>
