<?xml version="1.0" encoding="UTF-8"?>
<robot generator="Robot 7.0.1 (Python 3.10.12 on linux)" generated="2024-08-23T09:53:27.945245" rpa="false" schemaversion="5">
<suite id="s1" name="Dicionarios" source="/home/lucas/Documentos/Robot Testes/Teste Listas/Dicionarios.robot">
<test id="s1-t1" name="CONSOLES" line="17">
<kw name="Log To Console" owner="BuiltIn">
<arg>Janeiro: ${Meses.Janeiro}</arg>
<doc>Logs the given message to the console.</doc>
<status status="PASS" start="2024-08-23T09:53:27.965793" elapsed="0.000515"/>
</kw>
<kw name="Log To Console" owner="BuiltIn">
<arg>Fevereiro: ${Meses.Fevereiro}</arg>
<doc>Logs the given message to the console.</doc>
<status status="PASS" start="2024-08-23T09:53:27.966459" elapsed="0.000438"/>
</kw>
<kw name="Log To Console" owner="BuiltIn">
<arg>Março: ${Meses.Março}</arg>
<doc>Logs the given message to the console.</doc>
<status status="PASS" start="2024-08-23T09:53:27.967070" elapsed="0.000425"/>
</kw>
<kw name="Log To Console" owner="BuiltIn">
<arg>Abril: ${Meses.Abril}</arg>
<doc>Logs the given message to the console.</doc>
<status status="PASS" start="2024-08-23T09:53:27.967630" elapsed="0.000398"/>
</kw>
<kw name="Log To Console" owner="BuiltIn">
<arg>Maio: ${Meses.Maio}</arg>
<doc>Logs the given message to the console.</doc>
<status status="PASS" start="2024-08-23T09:53:27.968176" elapsed="0.000662"/>
</kw>
<kw name="Log To Console" owner="BuiltIn">
<arg>Junho: ${Meses.Junho}</arg>
<doc>Logs the given message to the console.</doc>
<status status="PASS" start="2024-08-23T09:53:27.969008" elapsed="0.000398"/>
</kw>
<kw name="Log To Console" owner="BuiltIn">
<arg>Julho: ${Meses.Julho}</arg>
<doc>Logs the given message to the console.</doc>
<status status="PASS" start="2024-08-23T09:53:27.969529" elapsed="0.000397"/>
</kw>
<kw name="Log To Console" owner="BuiltIn">
<arg>Agosto: ${Meses.Agosto}</arg>
<doc>Logs the given message to the console.</doc>
<status status="PASS" start="2024-08-23T09:53:27.970075" elapsed="0.000463"/>
</kw>
<kw name="Log To Console" owner="BuiltIn">
<arg>Setembro: ${Meses.Setembro}</arg>
<doc>Logs the given message to the console.</doc>
<status status="PASS" start="2024-08-23T09:53:27.970694" elapsed="0.000510"/>
</kw>
<kw name="Log To Console" owner="BuiltIn">
<arg>Outubro: ${Meses.Outubro}</arg>
<doc>Logs the given message to the console.</doc>
<status status="PASS" start="2024-08-23T09:53:27.971383" elapsed="0.000427"/>
</kw>
<kw name="Log To Console" owner="BuiltIn">
<arg>Novembro: ${Meses.Novembro}</arg>
<doc>Logs the given message to the console.</doc>
<status status="PASS" start="2024-08-23T09:53:27.971980" elapsed="0.000422"/>
</kw>
<kw name="Log To Console" owner="BuiltIn">
<arg>Dezembro: ${Meses.Dezembro}</arg>
<doc>Logs the given message to the console.</doc>
<status status="PASS" start="2024-08-23T09:53:27.972544" elapsed="0.000403"/>
</kw>
<status status="PASS" start="2024-08-23T09:53:27.965193" elapsed="0.007949"/>
</test>
<status status="PASS" start="2024-08-23T09:53:27.946173" elapsed="0.027443"/>
</suite>
<statistics>
<total>
<stat pass="1" fail="0" skip="0">All Tests</stat>
</total>
<tag>
</tag>
<suite>
<stat pass="1" fail="0" skip="0" id="s1" name="Dicionarios">Dicionarios</stat>
</suite>
</statistics>
<errors>
</errors>
</robot>
